10:37:00.965 [main] INFO  testCases.TC_001_AccountRegistrationTest - ***  Starting TC_001_AccountRegistrationTest ***
10:37:01.082 [main] INFO  testCases.TC_001_AccountRegistrationTest - Click on My Account
10:37:01.590 [main] INFO  testCases.TC_001_AccountRegistrationTest - Click on Register tab
10:37:01.592 [main] INFO  testCases.TC_001_AccountRegistrationTest - Provinding Data for Registring the Customer
10:37:04.840 [main] INFO  testCases.TC_001_AccountRegistrationTest - Click on Continues 
10:37:04.898 [main] INFO  testCases.TC_001_AccountRegistrationTest - Validating Expected message 
10:37:04.900 [main] INFO  testCases.TC_001_AccountRegistrationTest - ***** Finished TC_001_AccountRegistrationTest  *********
10:38:04.243 [main] INFO  testCases.TC_002_LoginTest - ******** Login test Start *******
10:38:05.478 [main] INFO  testCases.TC_002_LoginTest - **** Finished TC_002_LoginTest  ****
10:42:16.365 [main] INFO  testCases.TC_001_AccountRegistrationTest - ***  Starting TC_001_AccountRegistrationTest ***
10:42:16.456 [main] INFO  testCases.TC_001_AccountRegistrationTest - Click on My Account
10:42:17.026 [main] INFO  testCases.TC_001_AccountRegistrationTest - Click on Register tab
10:42:17.029 [main] INFO  testCases.TC_001_AccountRegistrationTest - Provinding Data for Registring the Customer
10:42:20.238 [main] INFO  testCases.TC_001_AccountRegistrationTest - Click on Continues 
10:42:20.253 [main] INFO  testCases.TC_001_AccountRegistrationTest - Validating Expected message 
11:21:54.367 [main] INFO  testCases.TC_002_LoginTest - ******** Login test Start *******
09:56:57.143 [main] INFO  testCases.TC_001_AccountRegistrationTest - ***  Starting TC_001_AccountRegistrationTest ***
09:56:57.351 [main] INFO  testCases.TC_001_AccountRegistrationTest - Click on My Account
09:56:59.257 [main] INFO  testCases.TC_001_AccountRegistrationTest - Click on Register tab
09:56:59.264 [main] INFO  testCases.TC_001_AccountRegistrationTest - Provinding Data for Registring the Customer
09:57:04.890 [main] INFO  testCases.TC_001_AccountRegistrationTest - Click on Continues 
09:57:04.987 [main] INFO  testCases.TC_001_AccountRegistrationTest - Validating Expected message 
09:57:04.992 [main] INFO  testCases.TC_001_AccountRegistrationTest - ***** Finished TC_001_AccountRegistrationTest  *********
09:57:11.464 [main] INFO  testCases.TC_002_LoginTest - ******** Login test Start *******
09:57:20.027 [main] INFO  testCases.TC_002_LoginTest - **** Finished TC_002_LoginTest  ****
10:26:59.470 [main] INFO  testCases.TC_001_AccountRegistrationTest - ***  Starting TC_001_AccountRegistrationTest ***
10:26:59.661 [main] INFO  testCases.TC_001_AccountRegistrationTest - Click on My Account
10:27:01.266 [main] INFO  testCases.TC_001_AccountRegistrationTest - Click on Register tab
10:27:01.270 [main] INFO  testCases.TC_001_AccountRegistrationTest - Provinding Data for Registring the Customer
10:27:06.854 [main] INFO  testCases.TC_001_AccountRegistrationTest - Click on Continues 
10:27:06.951 [main] INFO  testCases.TC_001_AccountRegistrationTest - Validating Expected message 
10:27:06.959 [main] INFO  testCases.TC_001_AccountRegistrationTest - ***** Finished TC_001_AccountRegistrationTest  *********
10:27:13.702 [main] INFO  testCases.TC_002_LoginTest - ******** Login test Start *******
10:27:17.346 [main] INFO  testCases.TC_002_LoginTest - **** Finished TC_002_LoginTest  ****
10:30:09.431 [main] INFO  testCases.TC_001_AccountRegistrationTest - ***  Starting TC_001_AccountRegistrationTest ***
10:30:09.621 [main] INFO  testCases.TC_001_AccountRegistrationTest - Click on My Account
10:30:11.002 [main] INFO  testCases.TC_001_AccountRegistrationTest - Click on Register tab
10:30:11.007 [main] INFO  testCases.TC_001_AccountRegistrationTest - Provinding Data for Registring the Customer
10:30:16.897 [main] INFO  testCases.TC_001_AccountRegistrationTest - Click on Continues 
10:30:17.056 [main] INFO  testCases.TC_001_AccountRegistrationTest - Validating Expected message 
10:30:17.061 [main] INFO  testCases.TC_001_AccountRegistrationTest - ***** Finished TC_001_AccountRegistrationTest  *********
10:30:23.551 [main] INFO  testCases.TC_002_LoginTest - ******** Login test Start *******
10:32:24.071 [main] INFO  testCases.TC_001_AccountRegistrationTest - ***  Starting TC_001_AccountRegistrationTest ***
10:32:24.264 [main] INFO  testCases.TC_001_AccountRegistrationTest - Click on My Account
10:32:25.399 [main] INFO  testCases.TC_001_AccountRegistrationTest - Click on Register tab
10:32:25.405 [main] INFO  testCases.TC_001_AccountRegistrationTest - Provinding Data for Registring the Customer
10:32:31.382 [main] INFO  testCases.TC_001_AccountRegistrationTest - Click on Continues 
10:32:31.490 [main] INFO  testCases.TC_001_AccountRegistrationTest - Validating Expected message 
10:32:31.497 [main] INFO  testCases.TC_001_AccountRegistrationTest - ***** Finished TC_001_AccountRegistrationTest  *********
10:32:38.266 [main] INFO  testCases.TC_002_LoginTest - ******** Login test Start *******
